"../../../Engine/Content/BasicShapes/BasicShapeMaterial.uasset" 0
"../../../Engine/Content/Functions/Engine_MaterialFunctions01/Opacity/CameraDepthFade.uasset" 1
"../../../Engine/Content/EngineMaterials/T_Default_Material_Grid_M.uasset" 2
"../../../Engine/Content/EngineMaterials/T_Default_Material_Grid_N.uasset" 3
"../../../Engine/Content/EngineMaterials/DefaultMaterial.uasset" 4
"../../../Engine/Content/BasicShapes/Sphere.uasset" 5
"../../../TanzGame/Content/Projectile.uasset" 6
"../../../TanzGame/Content/AnimStarterPack/UE4_Mannequin/Mesh/UE4_Mannequin_Skeleton.uasset" 7
"../../../TanzGame/Content/AnimStarterPack/Aim_Space_Hip.uasset" 8
"../../../TanzGame/Content/AnimStarterPack/Aim_Space_Ironsights.uasset" 9
"../../../TanzGame/Content/AnimStarterPack/Crouch_to_Stand_Rifle_Hip.uasset" 10
"../../../TanzGame/Content/AnimStarterPack/Crouch_to_Stand_Rifle_Ironsights.uasset" 11
"../../../TanzGame/Content/AnimStarterPack/Crouch_Walk_Bwd_Rifle_Ironsights.uasset" 12
"../../../TanzGame/Content/AnimStarterPack/Crouch_Walk_Lt_Rifle_Ironsights.uasset" 13
"../../../TanzGame/Content/AnimStarterPack/Crouch_Walk_Rt_Rifle_Ironsights.uasset" 14
"../../../TanzGame/Content/AnimStarterPack/Death_1.uasset" 15
"../../../TanzGame/Content/AnimStarterPack/Death_2.uasset" 16
"../../../TanzGame/Content/AnimStarterPack/Death_3.uasset" 17
"../../../TanzGame/Content/AnimStarterPack/Death_Ironsights_1.uasset" 18
"../../../TanzGame/Content/AnimStarterPack/Death_Ironsights_2.uasset" 19
"../../../TanzGame/Content/AnimStarterPack/Equip_Rifle_Standing.uasset" 20
"../../../TanzGame/Content/AnimStarterPack/Fire_Rifle_Hip.uasset" 21
"../../../TanzGame/Content/AnimStarterPack/Fire_Shotgun_Hip.uasset" 22
"../../../TanzGame/Content/AnimStarterPack/Fire_Shotgun_Ironsights.uasset" 23
"../../../TanzGame/Content/AnimStarterPack/Hit_React_4.uasset" 24
"../../../TanzGame/Content/AnimStarterPack/Idle_Pistol.uasset" 25
"../../../TanzGame/Content/AnimStarterPack/Idle_Rifle_Ironsights.uasset" 26
"../../../TanzGame/Content/AnimStarterPack/Jump_From_Stand_Ironsights.uasset" 27
"../../../TanzGame/Content/AnimStarterPack/Prone_Death_1.uasset" 28
"../../../TanzGame/Content/AnimStarterPack/Prone_Death_2.uasset" 29
"../../../TanzGame/Content/AnimStarterPack/Prone_Fire_1.uasset" 30
"../../../TanzGame/Content/AnimStarterPack/Prone_Fire_2.uasset" 31
"../../../TanzGame/Content/AnimStarterPack/Prone_Idle.uasset" 32
"../../../TanzGame/Content/AnimStarterPack/Prone_Reload_Rifle.uasset" 33
"../../../TanzGame/Content/AnimStarterPack/Prone_Reload_Shotgun.uasset" 34
"../../../TanzGame/Content/AnimStarterPack/Prone_To_Stand.uasset" 35
"../../../TanzGame/Content/AnimStarterPack/Reload_Pistol.uasset" 36
"../../../TanzGame/Content/AnimStarterPack/Reload_Rifle_Ironsights.uasset" 37
"../../../TanzGame/Content/AnimStarterPack/Reload_Shotgun_Hip.uasset" 38
"../../../TanzGame/Content/AnimStarterPack/Reload_Shotgun_Ironsights.uasset" 39
"../../../TanzGame/Content/AnimStarterPack/Sprint_Fwd_Rifle.uasset" 40
"../../../TanzGame/Content/AnimStarterPack/Stand_to_Crouch_Rifle_Hip.uasset" 41
"../../../TanzGame/Content/AnimStarterPack/Stand_to_Crouch_Rifle_Ironsights.uasset" 42
"../../../TanzGame/Content/AnimStarterPack/Stand_To_Prone.uasset" 43
"../../../TanzGame/Content/AnimStarterPack/Walk_Bwd_Rifle_Ironsights.uasset" 44
"../../../TanzGame/Content/AnimStarterPack/Walk_Lt_Rifle_Ironsights.uasset" 45
"../../../TanzGame/Content/AnimStarterPack/Walk_Rt_Rifle_Ironsights.uasset" 46
"../../../TanzGame/Content/Character/SK_Archer_Skeleton.uasset" 47
"../../../TanzGame/Content/Character/Anim_Archer_Recoil.uasset" 48
"../../../TanzGame/Content/Character/Recoil.uasset" 49
"../../../TanzGame/Content/Geometry/Meshes/CubeMaterial.uasset" 50
"../../../TanzGame/Content/Geometry/Meshes/1M_Cube.uasset" 51
"../../../TanzGame/Content/Geometry/Meshes/1M_Cube_Chamfer.uasset" 52
"../../../TanzGame/Content/Geometry/Meshes/TemplateFloor.uasset" 53
"../../../TanzGame/Content/Mannequin/Character/Mesh/UE4_Mannequin_Skeleton.uasset" 54
"../../../TanzGame/Content/Mannequin/Animations/ThirdPersonJump_End.uasset" 55
"../../../TanzGame/Content/Mannequin/Animations/ThirdPerson_Jump.uasset" 56
"../../../TanzGame/Content/Mannequin/Animations/ThirdPersonJump_Loop.uasset" 57
"../../../TanzGame/Content/Mannequin/Animations/ThirdPersonJump_Start.uasset" 58
"../../../TanzGame/Content/Mannequin/Animations/ThirdPersonIdle.uasset" 59
"../../../TanzGame/Content/Mannequin/Animations/ThirdPersonRun.uasset" 60
"../../../TanzGame/Content/Mannequin/Animations/ThirdPersonWalk.uasset" 61
"../../../TanzGame/Content/Mannequin/Animations/ThirdPerson_IdleRun_2D.uasset" 62
"../../../Engine/Content/EditorBlueprintResources/StandardMacros.uasset" 63
"../../../TanzGame/Content/Mannequin/Animations/ThirdPerson_AnimBP.uasset" 64
"../../../TanzGame/Content/Menu/exitbutton.uasset" 65
"../../../TanzGame/Content/Menu/exitbuttonpressed.uasset" 66
"../../../TanzGame/Content/Menu/startButton.uasset" 67
"../../../TanzGame/Content/Menu/startbuttonpressed.uasset" 68
"../../../Engine/Content/EngineMaterials/WorldGridMaterial.uasset" 69
"../../../TanzGame/Content/Meshes/SM_Arrow01.uasset" 70
"../../../TanzGame/Content/Meshes/SM_Banner_Horizontal.uasset" 71
"../../../TanzGame/Content/Meshes/SM_Banner_Post.uasset" 72
"../../../TanzGame/Content/Meshes/01_-_Default.uasset" 73
"../../../TanzGame/Content/Meshes/04.uasset" 74
"../../../TanzGame/Content/Meshes/SM_Bridge.uasset" 75
"../../../TanzGame/Content/Meshes/02.uasset" 76
"../../../TanzGame/Content/Meshes/SM_Bush01.uasset" 77
"../../../TanzGame/Content/Meshes/SM_Bush02.uasset" 78
"../../../TanzGame/Content/Meshes/SM_Fire.uasset" 79
"../../../TanzGame/Content/Meshes/SM_Sword02.uasset" 80
"../../../TanzGame/Content/Meshes/SM_Target01.uasset" 81
"../../../TanzGame/Content/Meshes/Material__11.uasset" 82
"../../../TanzGame/Content/Meshes/SM_terrain01.uasset" 83
"../../../TanzGame/Content/Meshes/SM_terrain03.uasset" 84
"../../../TanzGame/Content/Meshes/06.uasset" 85
"../../../TanzGame/Content/Meshes/SM_ThatchedRoof.uasset" 86
"../../../TanzGame/Content/Meshes/SM_Torche.uasset" 87
"../../../TanzGame/Content/Meshes/SM_Tower01.uasset" 88
"../../../TanzGame/Content/Meshes/SM_Tree02.uasset" 89
"../../../TanzGame/Content/Meshes/SM_Tree03.uasset" 90
"../../../TanzGame/Content/Sounds/death.uasset" 91
"../../../TanzGame/Content/Sounds/load.uasset" 92
"../../../TanzGame/Content/Sounds/shoot.uasset" 93
"../../../TanzGame/Content/StarterContent/Materials/M_Basic_Wall.uasset" 94
"../../../TanzGame/Content/StarterContent/Architecture/Pillar_50x500.uasset" 95
"../../../TanzGame/Content/StarterContent/Architecture/Wall_400x300.uasset" 96
"../../../TanzGame/Content/StarterContent/Architecture/Wall_400x400.uasset" 97
"../../../TanzGame/Content/StarterContent/Architecture/Wall_500x500.uasset" 98
"../../../TanzGame/Content/StarterContent/Architecture/Wall_Door_400x400.uasset" 99
"../../../TanzGame/Content/StarterContent/Architecture/Wall_Window_400x400.uasset" 100
"../../../TanzGame/Content/StarterContent/Audio/Light01_Cue.uasset" 101
"../../../TanzGame/Content/StarterContent/Audio/Light02_Cue.uasset" 102
"../../../Engine/Content/EditorMeshes/ColorCalibrator/T_ColorGrid.uasset" 103
"../../../TanzGame/Content/StarterContent/Materials/M_ColorGrid_LowSpec.uasset" 104
"../../../TanzGame/Content/StarterContent/Textures/T_Bush_D.uasset" 105
"../../../TanzGame/Content/StarterContent/Textures/T_Bush_N.uasset" 106
"../../../TanzGame/Content/StarterContent/Props/Materials/M_Bush.uasset" 107
"../../../TanzGame/Content/StarterContent/Props/SM_Bush.uasset" 108
"../../../TanzGame/Content/StarterContent/Textures/T_Chair_M.uasset" 109
"../../../TanzGame/Content/StarterContent/Textures/T_Chair_N.uasset" 110
"../../../TanzGame/Content/StarterContent/Props/Materials/M_Chair.uasset" 111
"../../../TanzGame/Content/StarterContent/Props/SM_Couch.uasset" 112
"../../../TanzGame/Content/StarterContent/Materials/M_Glass.uasset" 113
"../../../TanzGame/Content/StarterContent/Textures/T_Door_M.uasset" 114
"../../../TanzGame/Content/StarterContent/Textures/T_Door_N.uasset" 115
"../../../TanzGame/Content/StarterContent/Props/Materials/M_Door.uasset" 116
"../../../TanzGame/Content/StarterContent/Props/SM_Door.uasset" 117
"../../../TanzGame/Content/StarterContent/Props/Materials/M_MaterialSphere.uasset" 118
"../../../TanzGame/Content/StarterContent/Props/Materials/M_MaterialSphere_Plain.uasset" 119
"../../../TanzGame/Content/StarterContent/Props/SM_MatPreviewMesh_02.uasset" 120
"../../../Engine/Content/Functions/Engine_MaterialFunctions02/Utility/BlendAngleCorrectedNormals.uasset" 121
"../../../TanzGame/Content/StarterContent/Textures/T_Detail_Rocky_N.uasset" 122
"../../../TanzGame/Content/StarterContent/Textures/T_Rock_Basalt_D.uasset" 123
"../../../TanzGame/Content/StarterContent/Textures/T_RockMesh_M.uasset" 124
"../../../TanzGame/Content/StarterContent/Textures/T_RockMesh_N.uasset" 125
"../../../TanzGame/Content/StarterContent/Props/Materials/M_Rock.uasset" 126
"../../../TanzGame/Content/StarterContent/Props/SM_Rock.uasset" 127
"../../../TanzGame/Content/StarterContent/Textures/T_Shelf_M.uasset" 128
"../../../TanzGame/Content/StarterContent/Textures/T_Shelf_N.uasset" 129
"../../../TanzGame/Content/StarterContent/Props/Materials/M_Shelf.uasset" 130
"../../../TanzGame/Content/StarterContent/Props/SM_Shelf.uasset" 131
"../../../TanzGame/Content/StarterContent/Materials/M_Basic_Floor.uasset" 132
"../../../TanzGame/Content/StarterContent/Props/SM_Stairs.uasset" 133
"../../../TanzGame/Content/StarterContent/Shapes/Shape_Cone.uasset" 134
"../../../TanzGame/Content/StarterContent/Shapes/Shape_Cylinder.uasset" 135
"../../../TanzGame/Content/StarterContent/Shapes/Shape_NarrowCapsule.uasset" 136
"../../../TanzGame/Content/StarterContent/Shapes/Shape_Pipe.uasset" 137
"../../../TanzGame/Content/StarterContent/Shapes/Shape_Pipe_180.uasset" 138
"../../../TanzGame/Content/StarterContent/Shapes/Shape_Pipe_90.uasset" 139
"../../../TanzGame/Content/StarterContent/Shapes/Shape_Plane.uasset" 140
"../../../TanzGame/Content/StarterContent/Shapes/Shape_Torus.uasset" 141
"../../../TanzGame/Content/StarterContent/Shapes/Shape_Trim.uasset" 142
"../../../TanzGame/Content/StarterContent/Shapes/Shape_Trim_90_In.uasset" 143
"../../../TanzGame/Content/StarterContent/Shapes/Shape_Trim_90_Out.uasset" 144
"../../../TanzGame/Content/StarterContent/Shapes/Shape_TriPyramid.uasset" 145
"../../../TanzGame/Content/StarterContent/Shapes/Shape_Tube.uasset" 146
"../../../TanzGame/Content/StarterContent/Shapes/Shape_Wedge_A.uasset" 147
"../../../TanzGame/Content/StarterContent/Shapes/Shape_Wedge_B.uasset" 148
"../../../TanzGame/Content/StarterContent/Shapes/Shape_WideCapsule.uasset" 149
"../../../TanzGame/Content/StarterContent/Textures/T_Ground_Grass_D.uasset" 150
"../../../TanzGame/Content/Textures/Grass_Texture.uasset" 151
"../../../TanzGame/Content/StarterContent/Textures/T_Brick_Clay_Old_D.uasset" 152
"../../../TanzGame/Content/Textures/Wall_Texture.uasset" 153
"../../../TanzGame/Content/ThirdPerson/Meshes/RampMaterial.uasset" 154
"../../../TanzGame/Content/ThirdPerson/Meshes/Bump_StaticMesh.uasset" 155
"../../../TanzGame/Content/ThirdPerson/Meshes/LeftArm_StaticMesh.uasset" 156
"../../../TanzGame/Content/ThirdPerson/Meshes/Linear_Stair_StaticMesh.uasset" 157
"../../../TanzGame/Content/ThirdPerson/Meshes/Ramp_StaticMesh.uasset" 158
"../../../TanzGame/Content/ThirdPerson/Meshes/RightArm_StaticMesh.uasset" 159
"../../../TanzGame/Content/ThirdPersonBP/Blueprints/archerVictoryWidget_BP.uasset" 160
"../../../TanzGame/Content/ThirdPersonBP/Blueprints/CollisionBox_BP.uasset" 161
"../../../TanzGame/Content/ThirdPersonBP/Blueprints/DB_BP.uasset" 162
"../../../TanzGame/Content/StarterContent/Props/MaterialSphere.uasset" 163
"../../../TanzGame/Content/ThirdPersonBP/Blueprints/LandDetect_BP.uasset" 164
"../../../TanzGame/Content/ThirdPersonBP/Blueprints/runnerVictoryWidget_BP.uasset" 165
"../../../Engine/Content/BasicShapes/Cone.uasset" 166
"../../../Engine/Content/BasicShapes/Cube.uasset" 167
"../../../Engine/Content/BasicShapes/Cylinder.uasset" 168
"../../../Engine/Content/EditorLandscapeResources/DataLayer.uasset" 169
"../../../Engine/Content/EditorMaterials/GizmoMaterial.uasset" 170
"../../../Engine/Content/EditorMaterials/MAT_Groups_Toggle.uasset" 171
"../../../Engine/Content/EditorMaterials/MAT_Groups_Visibility.uasset" 172
"../../../Engine/Content/EditorMaterials/PreviewShadowIndicator.uasset" 173
"../../../Engine/Content/EditorMaterials/PreviewShadowIndicatorMaterial.uasset" 174
"../../../Engine/Content/EditorMaterials/MatineeGroups/MAT_ColorTrack.uasset" 175
"../../../Engine/Content/EditorMaterials/MatineeGroups/MAT_Groups_Anim.uasset" 176
"../../../Engine/Content/EditorMaterials/MatineeGroups/MAT_Groups_AudioMaster.uasset" 177
"../../../Engine/Content/EditorMaterials/MatineeGroups/MAT_Groups_Director.uasset" 178
"../../../Engine/Content/EditorMaterials/MatineeGroups/MAT_Groups_Event.uasset" 179
"../../../Engine/Content/EditorMaterials/MatineeGroups/MAT_Groups_Fade.uasset" 180
"../../../Engine/Content/EditorMaterials/MatineeGroups/MAT_Groups_Float.uasset" 181
"../../../Engine/Content/EditorMaterials/MatineeGroups/MAT_Groups_Move.uasset" 182
"../../../Engine/Content/EditorMaterials/MatineeGroups/MAT_Groups_Slomo.uasset" 183
"../../../Engine/Content/EditorMaterials/MatineeGroups/MAT_Groups_Sound.uasset" 184
"../../../Engine/Content/EditorMaterials/MatineeGroups/MAT_Groups_Vector.uasset" 185
"../../../Engine/Content/EditorMaterials/ParticleSystems/PSysThumbnail_NoImage.uasset" 186
"../../../Engine/Content/EditorMaterials/ParticleSystems/PSysThumbnail_OOD.uasset" 187
"../../../Engine/Content/EditorMaterials/Camera/CineMat.uasset" 188
"../../../Engine/Content/EditorMaterials/Camera/MI_CineMat_Rig.uasset" 189
"../../../Engine/Content/EditorMeshes/Camera/SM_CraneRig_Arm.uasset" 190
"../../../Engine/Content/EditorMeshes/Camera/SM_CraneRig_Base.uasset" 191
"../../../Engine/Content/EditorMeshes/Camera/SM_CraneRig_Body.uasset" 192
"../../../Engine/Content/EditorMeshes/Camera/SM_CraneRig_Mount.uasset" 193
"../../../Engine/Content/EditorMeshes/Camera/SM_RailRig_Mount.uasset" 194
"../../../Engine/Content/EditorMeshes/Camera/SM_RailRig_Track.uasset" 195
"../../../Engine/Content/EditorResources/BSPVertex.uasset" 196
"../../../Engine/Content/EditorResources/EmptyActor.uasset" 197
"../../../Engine/Content/EditorResources/S_Actor.uasset" 198
"../../../Engine/Content/EditorResources/S_Trigger.uasset" 199
"../../../Engine/Content/EditorResources/AudioIcons/S_AudioComponent.uasset" 200
"../../../Engine/Content/EditorResources/AudioIcons/S_AudioComponent_AutoActivate.uasset" 201
"../../../Engine/Content/EditorResources/LightIcons/S_LightError.uasset" 202
"../../../Engine/Content/EditorResources/SequenceRecorder/Countdown.uasset" 203
"../../../Engine/Content/EditorResources/SequenceRecorder/RecordingIndicator.uasset" 204
"../../../Engine/Content/EditorSounds/Notifications/CompileFailed.uasset" 205
"../../../Engine/Content/EditorSounds/Notifications/CompileFailed_Cue.uasset" 206
"../../../Engine/Content/EditorSounds/Notifications/CompileSuccess.uasset" 207
"../../../Engine/Content/EditorSounds/Notifications/CompileStart_Cue.uasset" 208
"../../../Engine/Content/EditorSounds/Notifications/CompileSuccess_Cue.uasset" 209
"../../../Engine/Content/EngineDamageTypes/DmgTypeBP_Environmental.uasset" 210
"../../../Engine/Content/EngineDebugMaterials/HeatmapGradient.uasset" 211
"../../../Engine/Content/EngineDebugMaterials/BoneWeightMaterial.uasset" 212
"../../../Engine/Content/EngineDebugMaterials/ClothMaterial.uasset" 213
"../../../Engine/Content/EngineDebugMaterials/ClothMaterial_WF.uasset" 214
"../../../Engine/Content/EngineDebugMaterials/DebugEditorMaterial.uasset" 215
"../../../Engine/Content/EngineDebugMaterials/DebugMeshMaterial.uasset" 216
"../../../Engine/Content/EngineDebugMaterials/GeomMaterial.uasset" 217
"../../../Engine/Content/EngineFonts/Faces/RobotoBold.uasset" 218
"../../../Engine/Content/EngineFonts/Faces/RobotoBoldItalic.uasset" 219
"../../../Engine/Content/EngineFonts/Faces/RobotoItalic.uasset" 220
"../../../Engine/Content/EngineFonts/Faces/RobotoLight.uasset" 221
"../../../Engine/Content/EngineFonts/Faces/RobotoRegular.uasset" 222
"../../../Engine/Content/EngineFonts/Roboto.uasset" 223
"../../../Engine/Content/EngineFonts/Faces/RobotoTiny.uasset" 224
"../../../Engine/Content/EngineFonts/RobotoTiny.uasset" 225
"../../../Engine/Content/EngineMaterials/DefaultBloomKernel.uasset" 226
"../../../Engine/Content/EngineMaterials/DefaultBokeh.uasset" 227
"../../../Engine/Content/EngineMaterials/DefaultDiffuse.uasset" 228
"../../../Engine/Content/EngineMaterials/DefaultDeferredDecalMaterial.uasset" 229
"../../../Engine/Content/EngineMaterials/DefaultLightFunctionMaterial.uasset" 230
"../../../Engine/Content/EngineMaterials/DefaultPhysicalMaterial.uasset" 231
"../../../Engine/Content/Functions/Engine_MaterialFunctions02/Utility/BreakOutFloat2Components.uasset" 232
"../../../Engine/Content/EngineMaterials/DefaultPostProcessMaterial.uasset" 233
"../../../Engine/Content/EngineFonts/RobotoDistanceField.uasset" 234
"../../../Engine/Content/EngineMaterials/DefaultTextMaterialOpaque.uasset" 235
"../../../Engine/Content/EngineMaterials/DefaultWhiteGrid.uasset" 236
"../../../Engine/Content/EngineMaterials/EditorBrushMaterial.uasset" 237
"../../../Engine/Content/EngineMaterials/Good64x64TilingNoiseHighFreq.uasset" 238
"../../../Engine/Content/EngineMaterials/MiniFont.uasset" 239
"../../../Engine/Content/EngineMaterials/InvalidLightmapSettings.uasset" 240
"../../../Engine/Content/EngineMaterials/M_InvalidLightmapSettings.uasset" 241
"../../../Engine/Content/Functions/Engine_MaterialFunctions02/WorldPositionOffset/CameraOffset.uasset" 242
"../../../Engine/Content/EngineMaterials/PhAT_JointLimitMaterial.uasset" 243
"../../../Engine/Content/EngineMaterials/PreintegratedSkinBRDF.uasset" 244
"../../../Engine/Content/EngineMaterials/RemoveSurfaceMaterial.uasset" 245
"../../../Engine/Content/EngineMaterials/WeightMapPlaceholderTexture.uasset" 246
"../../../Engine/Content/EngineResources/WhiteSquareTexture.uasset" 247
"../../../Engine/Content/EngineMaterials/Widget3DPassThrough.uasset" 248
"../../../Engine/Content/EngineMaterials/Widget3DPassThrough_Masked.uasset" 249
"../../../Engine/Content/EngineMaterials/Widget3DPassThrough_Opaque.uasset" 250
"../../../Engine/Content/EngineMaterials/Widget3DPassThrough_Masked_OneSided.uasset" 251
"../../../Engine/Content/EngineMaterials/Widget3DPassThrough_Opaque_OneSided.uasset" 252
"../../../Engine/Content/EngineMaterials/Widget3DPassThrough_Translucent.uasset" 253
"../../../Engine/Content/EngineMaterials/Widget3DPassThrough_Translucent_OneSided.uasset" 254
"../../../Engine/Content/EngineMeshes/Cube.uasset" 255
"../../../Engine/Content/EngineMeshes/Cylinder.uasset" 256
"../../../Engine/Content/EngineMeshes/Sphere.uasset" 257
"../../../Engine/Content/EngineResources/Black.uasset" 258
"../../../Engine/Content/EngineResources/DefaultTexture.uasset" 259
"../../../Engine/Content/EngineResources/DefaultTextureCube.uasset" 260
"../../../Engine/Content/EngineResources/GradientTexture0.uasset" 261
"../../../Engine/Content/EngineSounds/Master.uasset" 262
"../../../Engine/Content/Functions/Engine_MaterialFunctions01/Shading/ConvertFromDiffSpec.uasset" 263
"../../../Engine/Content/Functions/Engine_MaterialFunctions01/Shading/PowerToRoughness.uasset" 264
"../../../Engine/Content/Maps/Templates/Thumbnails/Default.uasset" 265
"../../../Engine/Content/Maps/Templates/Thumbnails/VR-Basic.uasset" 266
"../../../Engine/Content/MobileResources/T_MobileControls_texture.uasset" 267
"../../../Engine/Content/MobileResources/T_MobileMenu2.uasset" 268
"../../../Engine/Content/MobileResources/HUD/AnalogHat.uasset" 269
"../../../Engine/Content/MobileResources/HUD/VirtualJoystick_Background.uasset" 270
"../../../Engine/Content/MobileResources/HUD/VirtualJoystick_Thumb.uasset" 271
"../../../Engine/Content/MobileResources/HUD/DefaultVirtualJoysticks.uasset" 272
"../../../Engine/Content/MobileResources/HUD/LeftVirtualJoystickOnly.uasset" 273
"../../../Engine/Content/MobileResources/HUD/MobileHUDButton1_off.uasset" 274
"../../../Engine/Content/MobileResources/HUD/MobileHUDButton1_on.uasset" 275
"../../../Engine/Content/MobileResources/HUD/MobileHUDButton2_off.uasset" 276
"../../../Engine/Content/MobileResources/HUD/MobileHUDButton2_on.uasset" 277
"../../../Engine/Content/MobileResources/HUD/MobileHUDButton3.uasset" 278
"../../../Engine/Content/MobileResources/HUD/MobileHUDButtonFire.uasset" 279
"../../../Engine/Content/MobileResources/HUD/MobileHUDDirectionPad.uasset" 280
"../../../Engine/Content/MobileResources/HUD/MobileHUDDirectionPad2.uasset" 281
"../../../Engine/Content/MobileResources/HUD/MobileHUDDirectionPad3.uasset" 282
"../../../Engine/Content/MobileResources/HUD/MobileHUDDirectionStick.uasset" 283
"../../../Engine/Content/MobileResources/HUD/T_Castle_ThumbstickInner.uasset" 284
"../../../Engine/Content/MobileResources/HUD/T_Castle_ThumbstickOutter.uasset" 285
"../../../Engine/Content/Tutorial/ContentIntroCurve.uasset" 286
"../../../Engine/Content/Tutorial/Basics/TutorialAssets/icon_tab_Levels_40x.uasset" 287
"../../../Engine/Content/Tutorial/BlueprintTutorials/TutorialAssets/BlueprintInterface_64x.uasset" 288
"../../../Engine/Content/Tutorial/BlueprintTutorials/TutorialAssets/BlueprintMacroLibrary_64x.uasset" 289
"../../../Engine/Content/Tutorial/BlueprintTutorials/TutorialAssets/Blueprint_64x.uasset" 290
"../../../Engine/Content/Tutorial/BlueprintTutorials/TutorialAssets/Tutorial_BP_Interface.uasset" 291
"../../../Engine/Content/Tutorial/Foliage/TutorialAssets/Foliage.uasset" 292
"../../../Engine/Content/Tutorial/Landscape/TutorialAssets/Landscape.uasset" 293
"../../../Engine/Content/Tutorial/Paper2D/TutorialAssets/Paper2DFlipbook_TutorialIcon.uasset" 294
"../../../Engine/Content/Tutorial/Paper2D/TutorialAssets/Paper2DSprite_TutorialIcon.uasset" 295
"../../../Engine/Content/Tutorial/SubEditors/TutorialAssets/icon_Editor_Preferences_General_40x.uasset" 296
"../../../Engine/Content/Tutorial/SubEditors/TutorialAssets/icon_ShowSkeletalMeshes_40x.uasset" 297
"../../../Engine/Content/Tutorial/SubEditors/TutorialAssets/TutorialMaterial.uasset" 298
"../../../Engine/Content/Tutorial/SubEditors/TutorialAssets/T_SmokeSubUV_8X8.uasset" 299
"../../../Engine/Content/Tutorial/SubEditors/TutorialAssets/T_soft_smoke.uasset" 300
"../../../Engine/Content/Tutorial/SubEditors/TutorialAssets/M_smoke_subUV_blackbody.uasset" 301
"../../../Engine/Content/Tutorial/SubEditors/TutorialAssets/TutorialParticleSystem.uasset" 302
"../../../Engine/Content/VREditor/Devices/Generic/GenericHMDMaterial.uasset" 303
"../../../Engine/Content/VREditor/Devices/Generic/GenericHMD.uasset" 304
"../../../Engine/Content/VREditor/FloatingText/LineMaterial.uasset" 305
"../../../Engine/Content/VREditor/FloatingText/JointSphere.uasset" 306
"../../../Engine/Content/VREditor/FloatingText/LineSegmentCylinder.uasset" 307
"../../../Engine/Content/VREditor/Fonts/VRText_RobotoLarge.uasset" 308
"../../../Engine/Content/VREditor/Fonts/VRTextMaterial.uasset" 309
"../../../Engine/Content/VREditor/Fonts/TranslucentVRTextMaterial.uasset" 310
"../../../Engine/Content/VREditor/LaserPointer/CursorPointer.uasset" 311
"../../../Engine/Content/VREditor/LaserPointer/VR_LaserPower_01.uasset" 312
"../../../Engine/Content/VREditor/TransformGizmo/TransformGizmoMaterial.uasset" 313
"../../../Engine/Content/VREditor/LaserPointer/HoverMaterial.uasset" 314
"../../../Engine/Content/VREditor/TransformGizmo/TranslucentTransformGizmoMaterial.uasset" 315
"../../../Engine/Content/VREditor/LaserPointer/TranslucentHoverMaterial.uasset" 316
"../../../Engine/Content/VREditor/LaserPointer/HoverMesh.uasset" 317
"../../../Engine/Content/VREditor/LaserPointer/LaserPointerMaterial.uasset" 318
"../../../Engine/Content/VREditor/LaserPointer/LaserPointerMaterialInst.uasset" 319
"../../../Engine/Content/VREditor/LaserPointer/TranslucentLaserPointerMaterialInst.uasset" 320
"../../../Engine/Content/VREditor/LaserPointer/LaserPointerMesh.uasset" 321
"../../../Engine/Content/VREditor/LaserPointer/LaserPointerMesh_End.uasset" 322
"../../../Engine/Content/VREditor/LaserPointer/LaserPointerMesh_Start.uasset" 323
"../../../Engine/Content/Functions/Engine_MaterialFunctions02/Utility/BreakOutFloat3Components.uasset" 324
"../../../Engine/Content/Functions/Engine_MaterialFunctions02/Math/Transform3x3Matrix.uasset" 325
"../../../Engine/Content/Functions/Engine_MaterialFunctions02/SplitComponents.uasset" 326
"../../../Engine/Content/Functions/Engine_MaterialFunctions02/Utility/MakeFloat3.uasset" 327
"../../../Engine/Content/VREditor/SnapGrid/SnapGridMaterial.uasset" 328
"../../../Engine/Content/VREditor/SnapGrid/SnapGridPlaneMesh.uasset" 329
"../../../Engine/Content/VREditor/Sounds/VR_teleport.uasset" 330
"../../../Engine/Content/VREditor/Sounds/UI/Click_on_Button_Cue.uasset" 331
"../../../Engine/Content/VREditor/Sounds/UI/Dockable_Window_Close.uasset" 332
"../../../Engine/Content/VREditor/Sounds/UI/Dockable_Window_Drop.uasset" 333
"../../../Engine/Content/VREditor/Sounds/UI/Dockable_Window_Open.uasset" 334
"../../../Engine/Content/VREditor/Sounds/UI/Dockable_Window_Pick_Up.uasset" 335
"../../../Engine/Content/VREditor/Sounds/UI/Drop_Item_From_ContentBrowser.uasset" 336
"../../../Engine/Content/VREditor/Sounds/UI/Floating_UI_Open-001.uasset" 337
"../../../Engine/Content/VREditor/Sounds/UI/Gizmo_Handle_Clicked.uasset" 338
"../../../Engine/Content/VREditor/Sounds/UI/Object_PickUp.uasset" 339
"../../../Engine/Content/VREditor/Sounds/UI/Object_Snaps_To_Another_Actor.uasset" 340
"../../../Engine/Content/VREditor/Sounds/UI/Object_Snaps_To_Grid.uasset" 341
"../../../Engine/Content/VREditor/Sounds/UI/Radial_Menu_FadeOut.uasset" 342
"../../../Engine/Content/VREditor/Sounds/UI/Scaling_Down.uasset" 343
"../../../Engine/Content/VREditor/Sounds/UI/Scaling_Up.uasset" 344
"../../../Engine/Content/VREditor/Sounds/UI/Selection_Changes.uasset" 345
"../../../Engine/Content/VREditor/Sounds/UI/Teleport_Mode_Entered.uasset" 346
"../../../Engine/Content/VREditor/Teleport/TeleportDirectionMaterial.uasset" 347
"../../../Engine/Content/VREditor/Teleport/TeleportDirectionMaterial_Inst.uasset" 348
"../../../Engine/Content/VREditor/Teleport/TeleportDirectionMesh.uasset" 349
"../../../Engine/Content/VREditor/TransformGizmo/BoundingBoxCorner.uasset" 350
"../../../Engine/Content/VREditor/TransformGizmo/BoundingBoxEdge.uasset" 351
"../../../Engine/Content/VREditor/TransformGizmo/PlaneTranslationHandle.uasset" 352
"../../../Engine/Content/VREditor/TransformGizmo/RotationHandleFull.uasset" 353
"../../../Engine/Content/VREditor/TransformGizmo/RotationHandleIndicator.uasset" 354
"../../../Engine/Content/VREditor/TransformGizmo/RotationHandleQuarter.uasset" 355
"../../../Engine/Content/VREditor/TransformGizmo/Main.uasset" 356
"../../../Engine/Content/VREditor/TransformGizmo/Xray.uasset" 357
"../../../Engine/Content/VREditor/TransformGizmo/SM_Dialog_Close.uasset" 358
"../../../Engine/Content/VREditor/TransformGizmo/SM_Dialog_Move.uasset" 359
"../../../Engine/Content/VREditor/TransformGizmo/SM_Sequencer_Key.uasset" 360
"../../../Engine/Content/VREditor/TransformGizmo/SM_Sequencer_Node.uasset" 361
"../../../Engine/Content/VREditor/TransformGizmo/StartRotationHandleIndicator.uasset" 362
"../../../Engine/Content/VREditor/TransformGizmo/TranslucentTransformGizmoMaterial_Inst.uasset" 363
"../../../Engine/Content/VREditor/TransformGizmo/TransformGizmoFreeRotation.uasset" 364
"../../../Engine/Content/VREditor/TransformGizmo/TransformGizmoMaterial_Inst.uasset" 365
"../../../Engine/Content/VREditor/TransformGizmo/TranslateArrowHandle.uasset" 366
"../../../Engine/Content/VREditor/TransformGizmo/UniformScaleHandle.uasset" 367
"../../../Engine/Content/VREditor/UI/KeyDiskMaterial.uasset" 368
"../../../Engine/Content/VREditor/UI/DiscMaterial.uasset" 369
"../../../Engine/Content/VREditor/UI/SM_Radial_Disk.uasset" 370
"../../../Engine/Content/Functions/Engine_MaterialFunctions01/Gradient/RadialGradient.uasset" 371
"../../../Engine/Content/VREditor/WorldMovementGrid/SimpleGrid.uasset" 372
"../../../Engine/Content/VREditor/WorldMovementGrid/GridMaterial.uasset" 373
"../../../Engine/Content/Functions/Engine_MaterialFunctions01/Density/ExponentialDensity.uasset" 374
"../../../Engine/Content/VREditor/WorldMovementGrid/GridPostProcess.uasset" 375
"../../../Engine/Content/EditorLandscapeResources/FlattenHeightMat.uasset" 376
"../../../Engine/Content/VREditor/WorldMovementGrid/PlaneMesh.uasset" 377
"../../../Engine/Plugins/2D/Paper2D/Content/PlaceholderTextures/DummySpriteTexture.uasset" 378
"../../../Engine/Plugins/2D/Paper2D/Content/DummySprite.uasset" 379
"../../../Engine/Plugins/2D/Paper2D/Content/DefaultPaperTerrainMaterial.uasset" 380
"../../../Engine/Plugins/2D/Paper2D/Content/DefaultSpriteMaterial.uasset" 381
"../../../Engine/Plugins/2D/Paper2D/Content/MaskedUnlitSpriteMaterial.uasset" 382
"../../../Engine/Plugins/2D/Paper2D/Content/OpaqueUnlitSpriteMaterial.uasset" 383
"../../../Engine/Plugins/Media/MediaCompositing/Content/DefaultMediaPlaneMaterial.uasset" 384
"../../../Engine/Content/Functions/Engine_MaterialFunctions01/Texturing/ScaleUVsByCenter.uasset" 385
"../../../Engine/Content/Functions/Engine_MaterialFunctions02/Utility/MakeFloat4.uasset" 386
"../../../Engine/Plugins/Runtime/AppleARKit/Content/ARKitCameraMaterial.uasset" 387
"../../../Engine/Plugins/Runtime/Oculus/OculusVR/Content/Textures/GearVRController_AO.uasset" 388
"../../../Engine/Plugins/Runtime/Oculus/OculusVR/Content/Textures/GearVRController_Color.uasset" 389
"../../../Engine/Plugins/Runtime/Oculus/OculusVR/Content/Textures/GearVRController_Normal.uasset" 390
"../../../Engine/Plugins/Runtime/Oculus/OculusVR/Content/Materials/GearVRControllerMaterial.uasset" 391
"../../../Engine/Plugins/Runtime/Oculus/OculusVR/Content/Meshes/GearVrController.uasset" 392
"../../../TanzGame/Content/AnimStarterPack/Crouch_Idle_Rifle_Hip.uasset" 393
"../../../TanzGame/Content/AnimStarterPack/Crouch_Idle_Rifle_Ironsights.uasset" 394
"../../../TanzGame/Content/AnimStarterPack/Crouch_Walk_Fwd_Rifle_Ironsights.uasset" 395
"../../../TanzGame/Content/AnimStarterPack/Equip_Pistol_Standing.uasset" 396
"../../../TanzGame/Content/AnimStarterPack/Fire_Rifle_Ironsights.uasset" 397
"../../../TanzGame/Content/AnimStarterPack/Hit_React_1.uasset" 398
"../../../TanzGame/Content/AnimStarterPack/Hit_React_2.uasset" 399
"../../../TanzGame/Content/AnimStarterPack/Hit_React_3.uasset" 400
"../../../TanzGame/Content/AnimStarterPack/Idle_Rifle_Hip_Break1.uasset" 401
"../../../TanzGame/Content/AnimStarterPack/Idle_Rifle_Hip_Break2.uasset" 402
"../../../TanzGame/Content/AnimStarterPack/Reload_Rifle_Hip.uasset" 403
"../../../TanzGame/Content/AnimStarterPack/Walk_Fwd_Rifle_Ironsights.uasset" 404
"../../../Engine/Content/EngineSky/C_Sky_Cloud_Color.uasset" 405
"../../../Engine/Content/EngineSky/C_Sky_Horizon_Color.uasset" 406
"../../../Engine/Content/EngineSky/C_Sky_Zenith_Color.uasset" 407
"../../../Engine/Content/EngineSky/T_Sky_Blue.uasset" 408
"../../../Engine/Content/EngineSky/T_Sky_Clouds_M.uasset" 409
"../../../Engine/Content/EngineSky/T_Sky_Stars.uasset" 410
"../../../Engine/Content/EngineSky/M_Sky_Panning_Clouds2.uasset" 411
"../../../Engine/Content/EngineSky/SM_SkySphere.uasset" 412
"../../../Engine/Content/EngineSky/BP_Sky_Sphere.uasset" 413
"../../../Engine/Content/TemplateResources/M_Template_Master.uasset" 414
"../../../Engine/Content/TemplateResources/MI_Template_BaseGray_03_Metal.uasset" 415
"../../../Engine/Content/Functions/MaterialLayerFunctions/MatLayerBlend_AO.uasset" 416
"../../../Engine/Content/Functions/MaterialLayerFunctions/MatLayerBlend_NormalBlend.uasset" 417
"../../../Engine/Content/Functions/MaterialLayerFunctions/MatLayerBlend_Simple.uasset" 418
"../../../TanzGame/Content/AnimStarterPack/UE4_Mannequin/Materials/MaterialLayers/T_ML_Rubber_Blue_01_D.uasset" 419
"../../../TanzGame/Content/AnimStarterPack/UE4_Mannequin/Materials/MaterialLayers/T_ML_Rubber_Blue_01_N.uasset" 420
"../../../TanzGame/Content/AnimStarterPack/UE4_Mannequin/Materials/MaterialLayers/ML_GlossyBlack_Latex_UE4.uasset" 421
"../../../TanzGame/Content/AnimStarterPack/UE4_Mannequin/Materials/MaterialLayers/ML_Plastic_Shiny_Beige.uasset" 422
"../../../TanzGame/Content/AnimStarterPack/UE4_Mannequin/Textures/UE4_LOGO_CARD.uasset" 423
"../../../TanzGame/Content/AnimStarterPack/UE4_Mannequin/Materials/MaterialLayers/ML_Plastic_Shiny_Beige_LOGO.uasset" 424
"../../../TanzGame/Content/AnimStarterPack/UE4_Mannequin/Materials/MaterialLayers/T_ML_Aluminum01.uasset" 425
"../../../TanzGame/Content/AnimStarterPack/UE4_Mannequin/Materials/MaterialLayers/T_ML_Aluminum01_N.uasset" 426
"../../../TanzGame/Content/AnimStarterPack/UE4_Mannequin/Materials/MaterialLayers/ML_SoftMetal_UE4.uasset" 427
"../../../TanzGame/Content/AnimStarterPack/UE4_Mannequin/Textures/UE4_Mannequin__normals.uasset" 428
"../../../TanzGame/Content/AnimStarterPack/UE4_Mannequin/Textures/UE4_Mannequin_MAT_MASKA.uasset" 429
"../../../TanzGame/Content/AnimStarterPack/UE4_Mannequin/Textures/UE4_Mannequin_occlusion_Mobile.uasset" 430
"../../../TanzGame/Content/AnimStarterPack/UE4_Mannequin/Materials/M_UE4Man_Body.uasset" 431
"../../../TanzGame/Content/AnimStarterPack/UE4_Mannequin/Textures/UE4Man_Logo_N.uasset" 432
"../../../TanzGame/Content/AnimStarterPack/UE4_Mannequin/Materials/M_UE4Man_ChestLogo.uasset" 433
"../../../TanzGame/Content/AnimStarterPack/UE4_Mannequin/Mesh/SK_Mannequin_PhysicsAsset.uasset" 434
"../../../TanzGame/Content/AnimStarterPack/UE4_Mannequin/Mesh/SK_Mannequin.uasset" 435
"../../../TanzGame/Content/AnimStarterPack/Showcase.umap" 436
"../../../TanzGame/Content/StarterContent/Blueprints/Assets/FogBrightnessLUT.uasset" 437
"../../../TanzGame/Content/StarterContent/Blueprints/Assets/SunlightColorLUT.uasset" 438
"../../../TanzGame/Content/StarterContent/Blueprints/Assets/M_LightStage_Arrows.uasset" 439
"../../../Engine/Content/MapTemplates/Sky/DaylightAmbientCubemap.uasset" 440
"../../../TanzGame/Content/StarterContent/Blueprints/Assets/M_LightStage_Skybox_Master.uasset" 441
"../../../TanzGame/Content/StarterContent/Blueprints/Assets/M_LightStage_Skybox_Black.uasset" 442
"../../../TanzGame/Content/StarterContent/Blueprints/Assets/M_LightStage_Skybox_HDRI.uasset" 443
"../../../Engine/Content/EditorMaterials/Thumbnails/SkySphereMaterial.uasset" 444
"../../../TanzGame/Content/StarterContent/Blueprints/Assets/Skybox.uasset" 445
"../../../TanzGame/Content/StarterContent/Blueprints/Assets/SM_Arrows.uasset" 446
"../../../TanzGame/Content/StarterContent/HDRI/HDRI_Epic_Courtyard_Daylight.uasset" 447
"../../../TanzGame/Content/StarterContent/Blueprints/BP_LightStudio.uasset" 448
"../../../TanzGame/Content/StarterContent/Maps/Advanced_Lighting_BuiltData.uasset" 449
"../../../TanzGame/Content/StarterContent/Materials/M_AssetPlatform.uasset" 450
"../../../Engine/Content/EditorMeshes/ColorCalibrator/M_ChromeBall.uasset" 451
"../../../Engine/Content/EditorMeshes/ColorCalibrator/M_ClearCoat.uasset" 452
"../../../Engine/Content/EditorMeshes/ColorCalibrator/M_ClearCoatBlack.uasset" 453
"../../../Engine/Content/EditorMeshes/ColorCalibrator/Color_checker.uasset" 454
"../../../Engine/Content/EditorMeshes/ColorCalibrator/M_ColorGrid.uasset" 455
"../../../Engine/Content/EditorMeshes/ColorCalibrator/M_GreyBall.uasset" 456
"../../../Engine/Content/EditorMeshes/ColorCalibrator/SM_ColorCalibrator.uasset" 457
"../../../TanzGame/Content/StarterContent/Architecture/SM_AssetPlatform.uasset" 458
"../../../TanzGame/Content/StarterContent/Maps/Advanced_Lighting.umap" 459
"../../../TanzGame/Content/StarterContent/Maps/Minimal_Default_BuiltData.uasset" 460
"../../../TanzGame/Content/StarterContent/Textures/T_MacroVariation.uasset" 461
"../../../TanzGame/Content/StarterContent/Materials/M_Metal_Brushed_Nickel.uasset" 462
"../../../TanzGame/Content/StarterContent/Textures/T_Metal_Aluminum_D.uasset" 463
"../../../TanzGame/Content/StarterContent/Textures/T_Metal_Gold_N.uasset" 464
"../../../TanzGame/Content/StarterContent/Materials/M_Metal_Burnished_Steel.uasset" 465
"../../../TanzGame/Content/StarterContent/Textures/T_Metal_Copper_D.uasset" 466
"../../../TanzGame/Content/StarterContent/Materials/M_Metal_Copper.uasset" 467
"../../../TanzGame/Content/StarterContent/Textures/T_Statue_M.uasset" 468
"../../../TanzGame/Content/StarterContent/Textures/T_Statue_N.uasset" 469
"../../../TanzGame/Content/StarterContent/Props/Materials/M_StatueGlass.uasset" 470
"../../../TanzGame/Content/StarterContent/Architecture/Floor_400x400.uasset" 471
"../../../TanzGame/Content/StarterContent/Audio/Starter_Background_Cue.uasset" 472
"../../../TanzGame/Content/StarterContent/Props/SM_Chair.uasset" 473
"../../../TanzGame/Content/StarterContent/Props/Materials/M_Statue.uasset" 474
"../../../TanzGame/Content/StarterContent/Props/SM_Statue.uasset" 475
"../../../TanzGame/Content/StarterContent/Textures/T_TableRound_M.uasset" 476
"../../../TanzGame/Content/StarterContent/Textures/T_TableRound_N.uasset" 477
"../../../TanzGame/Content/StarterContent/Props/Materials/M_TableRound.uasset" 478
"../../../TanzGame/Content/StarterContent/Props/SM_TableRound.uasset" 479
"../../../TanzGame/Content/StarterContent/Maps/Minimal_Default.umap" 480
"../../../TanzGame/Content/StarterContent/Audio/Fire01_Cue.uasset" 481
"../../../TanzGame/Content/StarterContent/Textures/T_Fire_SubUV.uasset" 482
"../../../TanzGame/Content/StarterContent/Textures/T_Fire_Tiled_D.uasset" 483
"../../../TanzGame/Content/StarterContent/Particles/Materials/M_Fire_SubUV.uasset" 484
"../../../TanzGame/Content/StarterContent/Textures/T_Water_N.uasset" 485
"../../../TanzGame/Content/StarterContent/Particles/Materials/M_Heat_Distortion.uasset" 486
"../../../TanzGame/Content/StarterContent/Particles/Materials/M_Radial_Gradient.uasset" 487
"../../../TanzGame/Content/StarterContent/Textures/T_Smoke_SubUV.uasset" 488
"../../../TanzGame/Content/StarterContent/Textures/T_Smoke_Tiled_D.uasset" 489
"../../../TanzGame/Content/StarterContent/Particles/Materials/M_smoke_subUV.uasset" 490
"../../../TanzGame/Content/StarterContent/Particles/P_Fire.uasset" 491
"../../../TanzGame/Content/StarterContent/Blueprints/Blueprint_Effect_Fire.uasset" 492
"../../../TanzGame/Content/StarterContent/Audio/Smoke01_Cue.uasset" 493
"../../../TanzGame/Content/StarterContent/Particles/P_Smoke.uasset" 494
"../../../TanzGame/Content/StarterContent/Blueprints/Blueprint_Effect_Smoke.uasset" 495
"../../../TanzGame/Content/StarterContent/Audio/Fire_Sparks01_Cue.uasset" 496
"../../../TanzGame/Content/StarterContent/Textures/T_Spark_Core.uasset" 497
"../../../TanzGame/Content/StarterContent/Particles/Materials/M_Spark.uasset" 498
"../../../TanzGame/Content/StarterContent/Particles/P_Sparks.uasset" 499
"../../../TanzGame/Content/StarterContent/Blueprints/Blueprint_Effect_Sparks.uasset" 500
"../../../TanzGame/Content/StarterContent/Audio/Steam01_Cue.uasset" 501
"../../../TanzGame/Content/StarterContent/Particles/P_Steam_Lit.uasset" 502
"../../../TanzGame/Content/StarterContent/Blueprints/Blueprint_Effect_Steam.uasset" 503
"../../../TanzGame/Content/StarterContent/Textures/T_Lamp_M.uasset" 504
"../../../TanzGame/Content/StarterContent/Textures/T_Lamp_N.uasset" 505
"../../../TanzGame/Content/StarterContent/Props/Materials/M_Lamp.uasset" 506
"../../../TanzGame/Content/StarterContent/Props/SM_Lamp_Ceiling.uasset" 507
"../../../TanzGame/Content/StarterContent/Blueprints/Blueprint_CeilingLight.uasset" 508
"../../../TanzGame/Content/StarterContent/Props/SM_Lamp_Wall.uasset" 509
"../../../TanzGame/Content/StarterContent/Blueprints/Blueprint_WallSconce.uasset" 510
"../../../TanzGame/Content/StarterContent/Maps/StarterMap_BuiltData.uasset" 511
"../../../Engine/Content/Functions/Engine_MaterialFunctions03/Procedurals/ComputeFilterWidth.uasset" 512
"../../../Engine/Content/EngineMaterials/AntiAliasedTextMaterialTranslucent.uasset" 513
"../../../TanzGame/Content/StarterContent/Textures/T_Brick_Clay_Beveled_D.uasset" 514
"../../../TanzGame/Content/StarterContent/Textures/T_Brick_Clay_Beveled_M.uasset" 515
"../../../TanzGame/Content/StarterContent/Textures/T_Brick_Clay_Beveled_N.uasset" 516
"../../../TanzGame/Content/StarterContent/Materials/M_Brick_Clay_Beveled.uasset" 517
"../../../TanzGame/Content/StarterContent/Textures/T_Brick_Clay_New_D.uasset" 518
"../../../TanzGame/Content/StarterContent/Textures/T_Brick_Clay_New_M.uasset" 519
"../../../TanzGame/Content/StarterContent/Textures/T_Brick_Clay_New_N.uasset" 520
"../../../TanzGame/Content/StarterContent/Materials/M_Brick_Clay_New.uasset" 521
"../../../TanzGame/Content/StarterContent/Textures/T_Brick_Clay_Old_N.uasset" 522
"../../../TanzGame/Content/StarterContent/Textures/T_Perlin_Noise_M.uasset" 523
"../../../TanzGame/Content/StarterContent/Materials/M_Brick_Clay_Old.uasset" 524
"../../../TanzGame/Content/StarterContent/Textures/T_Brick_Cut_Stone_D.uasset" 525
"../../../TanzGame/Content/StarterContent/Textures/T_Brick_Cut_Stone_N.uasset" 526
"../../../TanzGame/Content/StarterContent/Materials/M_Brick_Cut_Stone.uasset" 527
"../../../TanzGame/Content/StarterContent/Textures/T_Brick_Hewn_Stone_D.uasset" 528
"../../../TanzGame/Content/StarterContent/Textures/T_Brick_Hewn_Stone_M.uasset" 529
"../../../TanzGame/Content/StarterContent/Textures/T_Brick_Hewn_Stone_N.uasset" 530
"../../../TanzGame/Content/StarterContent/Materials/M_Brick_Hewn_Stone.uasset" 531
"../../../TanzGame/Content/StarterContent/Textures/T_Ceramic_Tile_M.uasset" 532
"../../../TanzGame/Content/StarterContent/Textures/T_Ceramic_Tile_N.uasset" 533
"../../../TanzGame/Content/StarterContent/Textures/T_Rock_Marble_Polished_D.uasset" 534
"../../../TanzGame/Content/StarterContent/Materials/M_Ceramic_Tile_Checker.uasset" 535
"../../../TanzGame/Content/StarterContent/Textures/T_CobbleStone_Pebble_D.uasset" 536
"../../../TanzGame/Content/StarterContent/Textures/T_CobbleStone_Pebble_M.uasset" 537
"../../../TanzGame/Content/StarterContent/Textures/T_CobbleStone_Pebble_N.uasset" 538
"../../../TanzGame/Content/StarterContent/Materials/M_CobbleStone_Pebble.uasset" 539
"../../../TanzGame/Content/StarterContent/Textures/T_CobbleStone_Rough_D.uasset" 540
"../../../TanzGame/Content/StarterContent/Textures/T_CobbleStone_Rough_N.uasset" 541
"../../../TanzGame/Content/StarterContent/Textures/T_Gradinet_01.uasset" 542
"../../../TanzGame/Content/StarterContent/Textures/T_Rock_Smooth_Granite_D.uasset" 543
"../../../TanzGame/Content/StarterContent/Materials/M_CobbleStone_Rough.uasset" 544
"../../../TanzGame/Content/StarterContent/Textures/T_CobbleStone_Smooth_D.uasset" 545
"../../../TanzGame/Content/StarterContent/Textures/T_CobbleStone_Smooth_M.uasset" 546
"../../../TanzGame/Content/StarterContent/Textures/T_CobbleStone_Smooth_N.uasset" 547
"../../../TanzGame/Content/StarterContent/Materials/M_CobbleStone_Smooth.uasset" 548
"../../../TanzGame/Content/StarterContent/Textures/T_Concrete_Grime_D.uasset" 549
"../../../TanzGame/Content/StarterContent/Textures/T_Metal_Rust_N.uasset" 550
"../../../TanzGame/Content/StarterContent/Materials/M_Concrete_Grime.uasset" 551
"../../../TanzGame/Content/StarterContent/Textures/T_Concrete_Panels_D.uasset" 552
"../../../TanzGame/Content/StarterContent/Textures/T_Concrete_Panels_N.uasset" 553
"../../../TanzGame/Content/StarterContent/Materials/M_Concrete_Panels.uasset" 554
"../../../TanzGame/Content/StarterContent/Textures/T_Concrete_Poured_D.uasset" 555
"../../../TanzGame/Content/StarterContent/Textures/T_Concrete_Poured_N.uasset" 556
"../../../TanzGame/Content/StarterContent/Materials/M_Concrete_Poured.uasset" 557
"../../../TanzGame/Content/StarterContent/Textures/T_Concrete_Tiles_D.uasset" 558
"../../../TanzGame/Content/StarterContent/Textures/T_Concrete_Tiles_M.uasset" 559
"../../../TanzGame/Content/StarterContent/Textures/T_Concrete_Tiles_N.uasset" 560
"../../../TanzGame/Content/StarterContent/Textures/T_Concrete_Tiles_Variation_M.uasset" 561
"../../../TanzGame/Content/StarterContent/Materials/M_Concrete_Tiles.uasset" 562
"../../../TanzGame/Content/StarterContent/Textures/T_Ground_Grass_N.uasset" 563
"../../../TanzGame/Content/StarterContent/Materials/M_Ground_Grass.uasset" 564
"../../../TanzGame/Content/StarterContent/Textures/T_Ground_Gravel_D.uasset" 565
"../../../TanzGame/Content/StarterContent/Textures/T_Ground_Gravel_N.uasset" 566
"../../../TanzGame/Content/StarterContent/Materials/M_Ground_Gravel.uasset" 567
"../../../TanzGame/Content/StarterContent/Textures/T_ground_Moss_D.uasset" 568
"../../../TanzGame/Content/StarterContent/Textures/T_Ground_Moss_N.uasset" 569
"../../../TanzGame/Content/StarterContent/Materials/M_Ground_Moss.uasset" 570
"../../../TanzGame/Content/StarterContent/Materials/M_Metal_Chrome.uasset" 571
"../../../TanzGame/Content/StarterContent/Textures/T_Metal_Gold_D.uasset" 572
"../../../TanzGame/Content/StarterContent/Materials/M_Metal_Gold.uasset" 573
"../../../TanzGame/Content/StarterContent/Textures/T_Metal_Rust_D.uasset" 574
"../../../TanzGame/Content/StarterContent/Materials/M_Metal_Rust.uasset" 575
"../../../TanzGame/Content/StarterContent/Textures/T_Metal_Steel_D.uasset" 576
"../../../TanzGame/Content/StarterContent/Textures/T_Metal_Steel_N.uasset" 577
"../../../TanzGame/Content/StarterContent/Materials/M_Metal_Steel.uasset" 578
"../../../TanzGame/Content/StarterContent/Textures/T_Rock_Basalt_N.uasset" 579
"../../../TanzGame/Content/StarterContent/Materials/M_Rock_Basalt.uasset" 580
"../../../TanzGame/Content/StarterContent/Materials/M_Rock_Marble_Polished.uasset" 581
"../../../TanzGame/Content/StarterContent/Textures/T_Rock_Sandstone_D.uasset" 582
"../../../TanzGame/Content/StarterContent/Textures/T_Rock_Sandstone_N.uasset" 583
"../../../TanzGame/Content/StarterContent/Materials/M_Rock_Sandstone.uasset" 584
"../../../TanzGame/Content/StarterContent/Textures/T_Rock_Slate_D.uasset" 585
"../../../TanzGame/Content/StarterContent/Textures/T_Rock_Slate_N.uasset" 586
"../../../TanzGame/Content/StarterContent/Materials/M_Rock_Slate.uasset" 587
"../../../TanzGame/Content/StarterContent/Textures/T_Checker_Noise_M.uasset" 588
"../../../TanzGame/Content/StarterContent/Textures/T_Single_Tile_N.uasset" 589
"../../../TanzGame/Content/StarterContent/Textures/T_Tech_Dot_M.uasset" 590
"../../../TanzGame/Content/StarterContent/Textures/T_Tech_Dot_N.uasset" 591
"../../../TanzGame/Content/StarterContent/Materials/M_Tech_Checker_Dot.uasset" 592
"../../../TanzGame/Content/StarterContent/Textures/T_Tech_Hex_Tile_M.uasset" 593
"../../../TanzGame/Content/StarterContent/Textures/T_Tech_Hex_Tile_N.uasset" 594
"../../../TanzGame/Content/StarterContent/Materials/M_Tech_Hex_Tile.uasset" 595
"../../../TanzGame/Content/StarterContent/Materials/M_Tech_Hex_Tile_Pulse.uasset" 596
"../../../TanzGame/Content/StarterContent/Textures/T_Tech_Panel_M.uasset" 597
"../../../TanzGame/Content/StarterContent/Textures/T_Tech_Panel_N.uasset" 598
"../../../TanzGame/Content/StarterContent/Materials/M_Tech_Panel.uasset" 599
"../../../TanzGame/Content/StarterContent/Materials/M_Water_Lake.uasset" 600
"../../../TanzGame/Content/StarterContent/Textures/T_Water_M.uasset" 601
"../../../TanzGame/Content/StarterContent/Materials/M_Water_Ocean.uasset" 602
"../../../TanzGame/Content/StarterContent/Textures/T_Wood_Floor_Walnut_D.uasset" 603
"../../../TanzGame/Content/StarterContent/Textures/T_Wood_Floor_Walnut_M.uasset" 604
"../../../TanzGame/Content/StarterContent/Textures/T_Wood_Floor_Walnut_N.uasset" 605
"../../../TanzGame/Content/StarterContent/Materials/M_Wood_Floor_Walnut_Polished.uasset" 606
"../../../Engine/Content/Functions/Engine_MaterialFunctions01/Opacity/AlphaOffset.uasset" 607
"../../../TanzGame/Content/StarterContent/Materials/M_Wood_Floor_Walnut_Worn.uasset" 608
"../../../TanzGame/Content/StarterContent/Textures/T_Wood_Oak_D.uasset" 609
"../../../TanzGame/Content/StarterContent/Textures/T_Wood_Oak_N.uasset" 610
"../../../TanzGame/Content/StarterContent/Materials/M_Wood_Oak.uasset" 611
"../../../TanzGame/Content/StarterContent/Textures/T_Wood_Pine_D.uasset" 612
"../../../TanzGame/Content/StarterContent/Textures/T_Wood_Pine_N.uasset" 613
"../../../TanzGame/Content/StarterContent/Materials/M_Wood_Pine.uasset" 614
"../../../TanzGame/Content/StarterContent/Textures/T_Wood_Walnut_D.uasset" 615
"../../../TanzGame/Content/StarterContent/Textures/T_Wood_Walnut_N.uasset" 616
"../../../TanzGame/Content/StarterContent/Materials/M_Wood_Walnut.uasset" 617
"../../../TanzGame/Content/StarterContent/Architecture/Wall_400x200.uasset" 618
"../../../TanzGame/Content/StarterContent/Architecture/Wall_Door_400x300.uasset" 619
"../../../TanzGame/Content/StarterContent/Architecture/Wall_Window_400x300.uasset" 620
"../../../TanzGame/Content/StarterContent/Audio/Collapse_Cue.uasset" 621
"../../../TanzGame/Content/StarterContent/Audio/Starter_Music_Cue.uasset" 622
"../../../TanzGame/Content/StarterContent/Textures/T_Dust_Particle_D.uasset" 623
"../../../TanzGame/Content/StarterContent/Particles/Materials/M_Dust_Particle.uasset" 624
"../../../TanzGame/Content/StarterContent/Particles/P_Ambient_Dust.uasset" 625
"../../../TanzGame/Content/StarterContent/Textures/T_Frame_M.uasset" 626
"../../../TanzGame/Content/StarterContent/Textures/T_Frame_N.uasset" 627
"../../../TanzGame/Content/StarterContent/Props/Materials/M_Frame.uasset" 628
"../../../TanzGame/Content/StarterContent/Props/SM_CornerFrame.uasset" 629
"../../../TanzGame/Content/StarterContent/Props/SM_DoorFrame.uasset" 630
"../../../TanzGame/Content/StarterContent/Props/SM_GlassWindow.uasset" 631
"../../../TanzGame/Content/StarterContent/Props/SM_PillarFrame.uasset" 632
"../../../TanzGame/Content/StarterContent/Props/SM_PillarFrame300.uasset" 633
"../../../TanzGame/Content/StarterContent/Props/SM_WindowFrame.uasset" 634
"../../../TanzGame/Content/StarterContent/Shapes/Shape_Cube.uasset" 635
"../../../TanzGame/Content/StarterContent/Shapes/Shape_QuadPyramid.uasset" 636
"../../../TanzGame/Content/StarterContent/Shapes/Shape_Sphere.uasset" 637
"../../../TanzGame/Content/StarterContent/Maps/StarterMap.umap" 638
"../../../TanzGame/Content/Character/Anim_Archer_Idle.uasset" 639
"../../../TanzGame/Content/Meshes/SM_Ble_Cylinder001.uasset" 640
"../../../TanzGame/Content/Meshes/SM_Ble_Cylinder001_FoliageType.uasset" 641
"../../../TanzGame/Content/Meshes/SM_Ble_Cylinder002.uasset" 642
"../../../TanzGame/Content/Meshes/SM_Ble_Cylinder002_FoliageType.uasset" 643
"../../../TanzGame/Content/Meshes/SM_Ble_Cylinder003.uasset" 644
"../../../TanzGame/Content/Meshes/SM_Ble_Cylinder003_FoliageType.uasset" 645
"../../../TanzGame/Content/Meshes/SM_Ble_Cylinder004.uasset" 646
"../../../TanzGame/Content/Meshes/SM_Ble_Cylinder004_FoliageType.uasset" 647
"../../../TanzGame/Content/Meshes/SM_Ble_Cylinder005.uasset" 648
"../../../TanzGame/Content/Meshes/SM_Ble_Cylinder005_FoliageType.uasset" 649
"../../../TanzGame/Content/ThirdPersonBP/Maps/LevelArt_BuiltData.uasset" 650
"../../../TanzGame/Content/Textures/MattePainting.uasset" 651
"../../../TanzGame/Content/Textures/MattePainting_Mask.uasset" 652
"../../../TanzGame/Content/Meshes/MattePaint.uasset" 653
"../../../TanzGame/Content/Meshes/05.uasset" 654
"../../../TanzGame/Content/Meshes/07.uasset" 655
"../../../Engine/Content/BasicShapes/Plane.uasset" 656
"../../../Engine/Content/MapTemplates/SM_Template_Map_Floor.uasset" 657
"../../../TanzGame/Content/Character/Material__25.uasset" 658
"../../../TanzGame/Content/Character/Material__26.uasset" 659
"../../../TanzGame/Content/Character/Material__27.uasset" 660
"../../../TanzGame/Content/Character/Material__28.uasset" 661
"../../../TanzGame/Content/Character/Material__29.uasset" 662
"../../../TanzGame/Content/Character/Material__40_Slot__10.uasset" 663
"../../../TanzGame/Content/Character/Material__42.uasset" 664
"../../../TanzGame/Content/Character/Material__24.uasset" 665
"../../../TanzGame/Content/Character/Material__24_Inst.uasset" 666
"../../../TanzGame/Content/Character/SK_Archer_PhysicsAsset.uasset" 667
"../../../TanzGame/Content/Character/SK_Archer.uasset" 668
"../../../TanzGame/Content/Meshes/08.uasset" 669
"../../../TanzGame/Content/Meshes/09.uasset" 670
"../../../TanzGame/Content/Meshes/SM_ArrowTip.uasset" 671
"../../../TanzGame/Content/Meshes/SM_Banner_Front.uasset" 672
"../../../TanzGame/Content/Meshes/SM_Banner_Side.uasset" 673
"../../../TanzGame/Content/Meshes/SM_BeanBag.uasset" 674
"../../../TanzGame/Content/Meshes/SM_BeanBag02.uasset" 675
"../../../TanzGame/Content/Meshes/03.uasset" 676
"../../../TanzGame/Content/Meshes/SM_Brick.uasset" 677
"../../../TanzGame/Content/Meshes/SM_Bridge02.uasset" 678
"../../../TanzGame/Content/Meshes/SM_DeadCorps.uasset" 679
"../../../TanzGame/Content/Meshes/SM_DeadHanged.uasset" 680
"../../../TanzGame/Content/Meshes/SM_Ladder.uasset" 681
"../../../TanzGame/Content/Meshes/SM_Mur.uasset" 682
"../../../TanzGame/Content/Meshes/SM_Plateforme.uasset" 683
"../../../TanzGame/Content/Meshes/SM_rock01.uasset" 684
"../../../TanzGame/Content/Meshes/SM_rock02.uasset" 685
"../../../TanzGame/Content/Meshes/SM_rock03.uasset" 686
"../../../TanzGame/Content/Meshes/SM_rock04.uasset" 687
"../../../TanzGame/Content/Meshes/SM_Structure01.uasset" 688
"../../../TanzGame/Content/Meshes/SM_Structure02.uasset" 689
"../../../TanzGame/Content/Meshes/SM_Sword01.uasset" 690
"../../../TanzGame/Content/Meshes/SM_Sword03.uasset" 691
"../../../TanzGame/Content/Meshes/SM_terrain02.uasset" 692
"../../../TanzGame/Content/Meshes/SM_terrain04.uasset" 693
"../../../TanzGame/Content/Meshes/SM_Tower.uasset" 694
"../../../TanzGame/Content/Meshes/SM_Tree01.uasset" 695
"../../../TanzGame/Content/Meshes/SM_Twigs01.uasset" 696
"../../../TanzGame/Content/ThirdPersonBP/Maps/LevelArt.umap" 697
"../../../TanzGame/Content/Character/Sk_Runner_Skeleton.uasset" 698
"../../../TanzGame/Content/Character/Anim_Runner_Idle.uasset" 699
"../../../TanzGame/Content/Textures/ARCHURRY_Logo.uasset" 700
"../../../TanzGame/Content/Meshes/ARCHURRY.uasset" 701
"../../../TanzGame/Content/Textures/Controls.uasset" 702
"../../../TanzGame/Content/Meshes/CTRLS.uasset" 703
"../../../TanzGame/Content/Textures/Quit.uasset" 704
"../../../TanzGame/Content/Meshes/QUIT.uasset" 705
"../../../TanzGame/Content/Character/Material__24_Inst1.uasset" 706
"../../../TanzGame/Content/Character/Sk_Runner_PhysicsAsset.uasset" 707
"../../../TanzGame/Content/Character/Sk_Runner.uasset" 708
"../../../TanzGame/Content/MainMenu.uasset" 709
"../../../TanzGame/Content/ThirdPersonBP/Maps/Menumap1.umap" 710
"../../../TanzGame/Content/Character/Anim_Runner_Run.uasset" 711
"../../../TanzGame/Content/Character/Runner_BS.uasset" 712
"../../../TanzGame/Content/Character/RunnerAnim_BP.uasset" 713
"../../../TanzGame/Content/StarterContent/Audio/Explosion_Cue.uasset" 714
"../../../TanzGame/Content/StarterContent/Textures/T_Burst_M.uasset" 715
"../../../TanzGame/Content/StarterContent/Particles/Materials/M_Burst.uasset" 716
"../../../TanzGame/Content/StarterContent/Textures/T_Explosion_SubUV.uasset" 717
"../../../TanzGame/Content/StarterContent/Particles/Materials/M_explosion_subUV.uasset" 718
"../../../TanzGame/Content/StarterContent/Particles/Materials/m_flare_01.uasset" 719
"../../../TanzGame/Content/StarterContent/Particles/Materials/M_radial_ramp.uasset" 720
"../../../TanzGame/Content/StarterContent/Particles/P_Explosion.uasset" 721
"../../../TanzGame/Content/StarterContent/Blueprints/Blueprint_Effect_Explosion.uasset" 722
"../../../TanzGame/Content/ThirdPersonBP/Blueprints/P1ToP2_Interface.uasset" 723
"../../../TanzGame/Content/Character/ArcherAnim_BP.uasset" 724
"../../../TanzGame/Content/Meshes/SM_ArrowMid.uasset" 725
"../../../TanzGame/Content/ThirdPersonBP/Blueprints/Arrow_BP.uasset" 726
"../../../TanzGame/Content/ThirdPersonBP/Blueprints/Indicator_BP.uasset" 727
"../../../TanzGame/Content/Sounds/hit.uasset" 728
"../../../TanzGame/Content/ThirdPersonBP/Blueprints/Archer_BP.uasset" 729
"../../../TanzGame/Content/ThirdPersonBP/Blueprints/ThirdPersonGameMode.uasset" 730
"../../../TanzGame/Content/StarterContent/Audio/Explosion01.uasset" 731
"../../../TanzGame/Content/ThirdPersonBP/Blueprints/ThirdPersonCharacter.uasset" 732
"../../../TanzGame/Content/ThirdPersonBP/Maps/NulthMap_BuiltData.uasset" 733
"../../../TanzGame/Content/Textures/BebasNeue.uasset" 734
"../../../TanzGame/Content/Textures/BebasNeue_Font.uasset" 735
"../../../TanzGame/Content/ThirdPersonBP/Blueprints/Victory.uasset" 736
"../../../TanzGame/Content/Sounds/music.uasset" 737
"../../../TanzGame/Content/Sounds/musicaaa.uasset" 738
"../../../TanzGame/Content/ThirdPersonBP/Maps/NulthMap.umap" 739
"../../../Engine/Content/Maps/Entry.umap" 740
